# JRE version: OpenJDK Runtime Environment Temurin-21.0.8+9 (21.0.8+9) (build 21.0.8+9-LTS)
# Java VM: OpenJDK 64-Bit Server VM Temurin-21.0.8+9 (21.0.8+9-LTS, mixed mode, sharing, tiered, compressed oops, compressed class ptrs, parallel gc, windows-amd64)
GC Precious Log:
 CardTable entry size: 512
 CPUs: 8 total, 8 available
 Memory: 7926M
 Large Page Support: Disabled
 NUMA Support: Disabled
 Compressed Oops: Enabled (32-bit)
 Alignments: Space 512K, Generation 512K, Heap 2M
 Heap Min Capacity: 100M
 Heap Initial Capacity: 100M
 Heap Max Capacity: 2G
 Pre-touch: Disabled
 Parallel Workers: 8
Heap:
 PSYoungGen      total 4096K, used 1407K [0x00000000d5580000, 0x00000000d5a80000, 0x0000000100000000)
  eden space 3584K, 30% used [0x00000000d5580000,0x00000000d568fca0,0x00000000d5900000)
  from space 512K, 62% used [0x00000000d5a00000,0x00000000d5a50000,0x00000000d5a80000)
  to   space 512K, 0% used [0x00000000d5980000,0x00000000d5980000,0x00000000d5a00000)
 ParOldGen       total 507392K, used 505109K [0x0000000080000000, 0x000000009ef80000, 0x00000000d5580000)
  object space 507392K, 99% used [0x0000000080000000,0x000000009ed456d8,0x000000009ef80000)
 Metaspace       used 74117K, committed 75904K, reserved 1179648K
  class space    used 7787K, committed 8576K, reserved 1048576K
GC Heap History (20 events):
Event: 542.323 GC heap before
{Heap before GC invocations=368 (full 3):
 PSYoungGen      total 4096K, used 3744K [0x00000000d5580000, 0x00000000d5a80000, 0x0000000100000000)
  eden space 3584K, 100% used [0x00000000d5580000,0x00000000d5900000,0x00000000d5900000)
  from space 512K, 31% used [0x00000000d5a00000,0x00000000d5a28000,0x00000000d5a80000)
  to   space 512K, 0% used [0x00000000d5980000,0x00000000d5980000,0x00000000d5a00000)
 ParOldGen       total 439808K, used 439658K [0x0000000080000000, 0x000000009ad80000, 0x00000000d5580000)
  object space 439808K, 99% used [0x0000000080000000,0x000000009ad5ab80,0x000000009ad80000)
 Metaspace       used 74022K, committed 75776K, reserved 1179648K
  class space    used 7784K, committed 8576K, reserved 1048576K
}
Event: 542.325 GC heap after
{Heap after GC invocations=368 (full 3):
 PSYoungGen      total 4096K, used 346K [0x00000000d5580000, 0x00000000d5a80000, 0x0000000100000000)
  eden space 3584K, 0% used [0x00000000d5580000,0x00000000d5580000,0x00000000d5900000)
  from space 512K, 67% used [0x00000000d5980000,0x00000000d59d6900,0x00000000d5a00000)
  to   space 512K, 0% used [0x00000000d5a00000,0x00000000d5a00000,0x00000000d5a80000)
 ParOldGen       total 439808K, used 439690K [0x0000000080000000, 0x000000009ad80000, 0x00000000d5580000)
  object space 439808K, 99% used [0x0000000080000000,0x000000009ad62b80,0x000000009ad80000)
 Metaspace       used 74022K, committed 75776K, reserved 1179648K
  class space    used 7784K, committed 8576K, reserved 1048576K
}
Event: 542.359 GC heap before
{Heap before GC invocations=369 (full 3):
 PSYoungGen      total 4096K, used 3930K [0x00000000d5580000, 0x00000000d5a80000, 0x0000000100000000)
  eden space 3584K, 100% used [0x00000000d5580000,0x00000000d5900000,0x00000000d5900000)
  from space 512K, 67% used [0x00000000d5980000,0x00000000d59d6900,0x00000000d5a00000)
  to   space 512K, 0% used [0x00000000d5a00000,0x00000000d5a00000,0x00000000d5a80000)
 ParOldGen       total 439808K, used 439690K [0x0000000080000000, 0x000000009ad80000, 0x00000000d5580000)
  object space 439808K, 99% used [0x0000000080000000,0x000000009ad62b80,0x000000009ad80000)
 Metaspace       used 74034K, committed 75776K, reserved 1179648K
  class space    used 7786K, committed 8576K, reserved 1048576K
}
Event: 542.361 GC heap after
{Heap after GC invocations=369 (full 3):
 PSYoungGen      total 4096K, used 346K [0x00000000d5580000, 0x00000000d5a80000, 0x0000000100000000)
  eden space 3584K, 0% used [0x00000000d5580000,0x00000000d5580000,0x00000000d5900000)
  from space 512K, 67% used [0x00000000d5a00000,0x00000000d5a56900,0x00000000d5a80000)
  to   space 512K, 0% used [0x00000000d5980000,0x00000000d5980000,0x00000000d5a00000)
 ParOldGen       total 439808K, used 439738K [0x0000000080000000, 0x000000009ad80000, 0x00000000d5580000)
  object space 439808K, 99% used [0x0000000080000000,0x000000009ad6eb80,0x000000009ad80000)
 Metaspace       used 74034K, committed 75776K, reserved 1179648K
  class space    used 7786K, committed 8576K, reserved 1048576K
}
Event: 542.434 GC heap before
{Heap before GC invocations=370 (full 3):
 PSYoungGen      total 4096K, used 3930K [0x00000000d5580000, 0x00000000d5a80000, 0x0000000100000000)
  eden space 3584K, 100% used [0x00000000d5580000,0x00000000d5900000,0x00000000d5900000)
  from space 512K, 67% used [0x00000000d5a00000,0x00000000d5a56900,0x00000000d5a80000)
  to   space 512K, 0% used [0x00000000d5980000,0x00000000d5980000,0x00000000d5a00000)
 ParOldGen       total 439808K, used 439738K [0x0000000080000000, 0x000000009ad80000, 0x00000000d5580000)
  object space 439808K, 99% used [0x0000000080000000,0x000000009ad6eb80,0x000000009ad80000)
 Metaspace       used 74042K, committed 75776K, reserved 1179648K
  class space    used 7786K, committed 8576K, reserved 1048576K
}
Event: 542.436 GC heap after
{Heap after GC invocations=370 (full 3):
 PSYoungGen      total 4096K, used 496K [0x00000000d5580000, 0x00000000d5b00000, 0x0000000100000000)
  eden space 3584K, 0% used [0x00000000d5580000,0x00000000d5580000,0x00000000d5900000)
  from space 512K, 96% used [0x00000000d5980000,0x00000000d59fc1d0,0x00000000d5a00000)
  to   space 1024K, 0% used [0x00000000d5a00000,0x00000000d5a00000,0x00000000d5b00000)
 ParOldGen       total 439808K, used 439794K [0x0000000080000000, 0x000000009ad80000, 0x00000000d5580000)
  object space 439808K, 99% used [0x0000000080000000,0x000000009ad7cb80,0x000000009ad80000)
 Metaspace       used 74042K, committed 75776K, reserved 1179648K
  class space    used 7786K, committed 8576K, reserved 1048576K
}
Event: 542.454 GC heap before
{Heap before GC invocations=371 (full 3):
 PSYoungGen      total 4096K, used 3428K [0x00000000d5580000, 0x00000000d5b00000, 0x0000000100000000)
  eden space 3584K, 81% used [0x00000000d5580000,0x00000000d585d190,0x00000000d5900000)
  from space 512K, 96% used [0x00000000d5980000,0x00000000d59fc1d0,0x00000000d5a00000)
  to   space 1024K, 0% used [0x00000000d5a00000,0x00000000d5a00000,0x00000000d5b00000)
 ParOldGen       total 439808K, used 439794K [0x0000000080000000, 0x000000009ad80000, 0x00000000d5580000)
  object space 439808K, 99% used [0x0000000080000000,0x000000009ad7cb80,0x000000009ad80000)
 Metaspace       used 74045K, committed 75776K, reserved 1179648K
  class space    used 7786K, committed 8576K, reserved 1048576K
}
Event: 542.456 GC heap after
{Heap after GC invocations=371 (full 3):
 PSYoungGen      total 4096K, used 192K [0x00000000d5580000, 0x00000000d5a80000, 0x0000000100000000)
  eden space 3584K, 0% used [0x00000000d5580000,0x00000000d5580000,0x00000000d5900000)
  from space 512K, 37% used [0x00000000d5a00000,0x00000000d5a30000,0x00000000d5a80000)
  to   space 512K, 0% used [0x00000000d5980000,0x00000000d5980000,0x00000000d5a00000)
 ParOldGen       total 440320K, used 439973K [0x0000000080000000, 0x000000009ae00000, 0x00000000d5580000)
  object space 440320K, 99% used [0x0000000080000000,0x000000009ada9758,0x000000009ae00000)
 Metaspace       used 74045K, committed 75776K, reserved 1179648K
  class space    used 7786K, committed 8576K, reserved 1048576K
}
Event: 542.465 GC heap before
{Heap before GC invocations=372 (full 3):
 PSYoungGen      total 4096K, used 3715K [0x00000000d5580000, 0x00000000d5a80000, 0x0000000100000000)
  eden space 3584K, 98% used [0x00000000d5580000,0x00000000d58f0d10,0x00000000d5900000)
  from space 512K, 37% used [0x00000000d5a00000,0x00000000d5a30000,0x00000000d5a80000)
  to   space 512K, 0% used [0x00000000d5980000,0x00000000d5980000,0x00000000d5a00000)
 ParOldGen       total 440320K, used 439973K [0x0000000080000000, 0x000000009ae00000, 0x00000000d5580000)
  object space 440320K, 99% used [0x0000000080000000,0x000000009ada9758,0x000000009ae00000)
 Metaspace       used 74045K, committed 75776K, reserved 1179648K
  class space    used 7786K, committed 8576K, reserved 1048576K
}
Event: 542.467 GC heap after
{Heap after GC invocations=372 (full 3):
 PSYoungGen      total 4096K, used 160K [0x00000000d5580000, 0x00000000d5a80000, 0x0000000100000000)
  eden space 3584K, 0% used [0x00000000d5580000,0x00000000d5580000,0x00000000d5900000)
  from space 512K, 31% used [0x00000000d5980000,0x00000000d59a8000,0x00000000d5a00000)
  to   space 512K, 0% used [0x00000000d5a00000,0x00000000d5a00000,0x00000000d5a80000)
 ParOldGen       total 443392K, used 443037K [0x0000000080000000, 0x000000009b100000, 0x00000000d5580000)
  object space 443392K, 99% used [0x0000000080000000,0x000000009b0a7678,0x000000009b100000)
 Metaspace       used 74045K, committed 75776K, reserved 1179648K
  class space    used 7786K, committed 8576K, reserved 1048576K
}
Event: 542.473 GC heap before
{Heap before GC invocations=373 (full 3):
 PSYoungGen      total 4096K, used 2798K [0x00000000d5580000, 0x00000000d5a80000, 0x0000000100000000)
  eden space 3584K, 73% used [0x00000000d5580000,0x00000000d5813bf0,0x00000000d5900000)
  from space 512K, 31% used [0x00000000d5980000,0x00000000d59a8000,0x00000000d5a00000)
  to   space 512K, 0% used [0x00000000d5a00000,0x00000000d5a00000,0x00000000d5a80000)
 ParOldGen       total 443392K, used 443037K [0x0000000080000000, 0x000000009b100000, 0x00000000d5580000)
  object space 443392K, 99% used [0x0000000080000000,0x000000009b0a7678,0x000000009b100000)
 Metaspace       used 74045K, committed 75776K, reserved 1179648K
  class space    used 7786K, committed 8576K, reserved 1048576K
}
Event: 542.475 GC heap after
{Heap after GC invocations=373 (full 3):
 PSYoungGen      total 4096K, used 160K [0x00000000d5580000, 0x00000000d5a80000, 0x0000000100000000)
  eden space 3584K, 0% used [0x00000000d5580000,0x00000000d5580000,0x00000000d5900000)
  from space 512K, 31% used [0x00000000d5a00000,0x00000000d5a28000,0x00000000d5a80000)
  to   space 512K, 0% used [0x00000000d5980000,0x00000000d5980000,0x00000000d5a00000)
 ParOldGen       total 443392K, used 443069K [0x0000000080000000, 0x000000009b100000, 0x00000000d5580000)
  object space 443392K, 99% used [0x0000000080000000,0x000000009b0af678,0x000000009b100000)
 Metaspace       used 74045K, committed 75776K, reserved 1179648K
  class space    used 7786K, committed 8576K, reserved 1048576K
}
Event: 542.485 GC heap before
{Heap before GC invocations=374 (full 3):
 PSYoungGen      total 4096K, used 3744K [0x00000000d5580000, 0x00000000d5a80000, 0x0000000100000000)
  eden space 3584K, 100% used [0x00000000d5580000,0x00000000d5900000,0x00000000d5900000)
  from space 512K, 31% used [0x00000000d5a00000,0x00000000d5a28000,0x00000000d5a80000)
  to   space 512K, 0% used [0x00000000d5980000,0x00000000d5980000,0x00000000d5a00000)
 ParOldGen       total 443392K, used 443069K [0x0000000080000000, 0x000000009b100000, 0x00000000d5580000)
  object space 443392K, 99% used [0x0000000080000000,0x000000009b0af678,0x000000009b100000)
 Metaspace       used 74046K, committed 75776K, reserved 1179648K
  class space    used 7786K, committed 8576K, reserved 1048576K
}
Event: 542.486 GC heap after
{Heap after GC invocations=374 (full 3):
 PSYoungGen      total 4096K, used 384K [0x00000000d5580000, 0x00000000d5a80000, 0x0000000100000000)
  eden space 3584K, 0% used [0x00000000d5580000,0x00000000d5580000,0x00000000d5900000)
  from space 512K, 75% used [0x00000000d5980000,0x00000000d59e0000,0x00000000d5a00000)
  to   space 512K, 0% used [0x00000000d5a00000,0x00000000d5a00000,0x00000000d5a80000)
 ParOldGen       total 443392K, used 443101K [0x0000000080000000, 0x000000009b100000, 0x00000000d5580000)
  object space 443392K, 99% used [0x0000000080000000,0x000000009b0b7678,0x000000009b100000)
 Metaspace       used 74046K, committed 75776K, reserved 1179648K
  class space    used 7786K, committed 8576K, reserved 1048576K
}
Event: 542.518 GC heap before
{Heap before GC invocations=375 (full 3):
 PSYoungGen      total 4096K, used 3968K [0x00000000d5580000, 0x00000000d5a80000, 0x0000000100000000)
  eden space 3584K, 100% used [0x00000000d5580000,0x00000000d5900000,0x00000000d5900000)
  from space 512K, 75% used [0x00000000d5980000,0x00000000d59e0000,0x00000000d5a00000)
  to   space 512K, 0% used [0x00000000d5a00000,0x00000000d5a00000,0x00000000d5a80000)
 ParOldGen       total 443392K, used 443101K [0x0000000080000000, 0x000000009b100000, 0x00000000d5580000)
  object space 443392K, 99% used [0x0000000080000000,0x000000009b0b7678,0x000000009b100000)
 Metaspace       used 74060K, committed 75840K, reserved 1179648K
  class space    used 7786K, committed 8576K, reserved 1048576K
}
Event: 542.520 GC heap after
{Heap after GC invocations=375 (full 3):
 PSYoungGen      total 4096K, used 288K [0x00000000d5580000, 0x00000000d5a80000, 0x0000000100000000)
  eden space 3584K, 0% used [0x00000000d5580000,0x00000000d5580000,0x00000000d5900000)
  from space 512K, 56% used [0x00000000d5a00000,0x00000000d5a48000,0x00000000d5a80000)
  to   space 512K, 0% used [0x00000000d5980000,0x00000000d5980000,0x00000000d5a00000)
 ParOldGen       total 443904K, used 443437K [0x0000000080000000, 0x000000009b180000, 0x00000000d5580000)
  object space 443904K, 99% used [0x0000000080000000,0x000000009b10b678,0x000000009b180000)
 Metaspace       used 74060K, committed 75840K, reserved 1179648K
  class space    used 7786K, committed 8576K, reserved 1048576K
}
Event: 545.800 GC heap before
{Heap before GC invocations=376 (full 3):
 PSYoungGen      total 4096K, used 3870K [0x00000000d5580000, 0x00000000d5a80000, 0x0000000100000000)
  eden space 3584K, 99% used [0x00000000d5580000,0x00000000d58ffb88,0x00000000d5900000)
  from space 512K, 56% used [0x00000000d5a00000,0x00000000d5a48000,0x00000000d5a80000)
  to   space 512K, 0% used [0x00000000d5980000,0x00000000d5980000,0x00000000d5a00000)
 ParOldGen       total 475648K, used 474157K [0x0000000080000000, 0x000000009d080000, 0x00000000d5580000)
  object space 475648K, 99% used [0x0000000080000000,0x000000009cf0b6a8,0x000000009d080000)
 Metaspace       used 74087K, committed 75840K, reserved 1179648K
  class space    used 7787K, committed 8576K, reserved 1048576K
}
Event: 545.802 GC heap after
{Heap after GC invocations=376 (full 3):
 PSYoungGen      total 4096K, used 320K [0x00000000d5580000, 0x00000000d5a80000, 0x0000000100000000)
  eden space 3584K, 0% used [0x00000000d5580000,0x00000000d5580000,0x00000000d5900000)
  from space 512K, 62% used [0x00000000d5980000,0x00000000d59d0000,0x00000000d5a00000)
  to   space 512K, 0% used [0x00000000d5a00000,0x00000000d5a00000,0x00000000d5a80000)
 ParOldGen       total 475648K, used 474341K [0x0000000080000000, 0x000000009d080000, 0x00000000d5580000)
  object space 475648K, 99% used [0x0000000080000000,0x000000009cf396a8,0x000000009d080000)
 Metaspace       used 74087K, committed 75840K, reserved 1179648K
  class space    used 7787K, committed 8576K, reserved 1048576K
}
Event: 549.030 GC heap before
{Heap before GC invocations=377 (full 3):
 PSYoungGen      total 4096K, used 3904K [0x00000000d5580000, 0x00000000d5a80000, 0x0000000100000000)
  eden space 3584K, 100% used [0x00000000d5580000,0x00000000d5900000,0x00000000d5900000)
  from space 512K, 62% used [0x00000000d5980000,0x00000000d59d0000,0x00000000d5a00000)
  to   space 512K, 0% used [0x00000000d5a00000,0x00000000d5a00000,0x00000000d5a80000)
 ParOldGen       total 507392K, used 505061K [0x0000000080000000, 0x000000009ef80000, 0x00000000d5580000)
  object space 507392K, 99% used [0x0000000080000000,0x000000009ed396d8,0x000000009ef80000)
 Metaspace       used 74113K, committed 75904K, reserved 1179648K
  class space    used 7787K, committed 8576K, reserved 1048576K
}
Event: 549.033 GC heap after
{Heap after GC invocations=377 (full 3):
 PSYoungGen      total 4096K, used 320K [0x00000000d5580000, 0x00000000d5a80000, 0x0000000100000000)
  eden space 3584K, 0% used [0x00000000d5580000,0x00000000d5580000,0x00000000d5900000)
  from space 512K, 62% used [0x00000000d5a00000,0x00000000d5a50000,0x00000000d5a80000)
  to   space 512K, 0% used [0x00000000d5980000,0x00000000d5980000,0x00000000d5a00000)
 ParOldGen       total 507392K, used 505109K [0x0000000080000000, 0x000000009ef80000, 0x00000000d5580000)
  object space 507392K, 99% used [0x0000000080000000,0x000000009ed456d8,0x000000009ef80000)
 Metaspace       used 74113K, committed 75904K, reserved 1179648K
  class space    used 7787K, committed 8576K, reserved 1048576K
}

